<?xml version="1.0" encoding="UTF-8" ?>
<testsuite tests="4" failures="0" name="StepDefinitions.TestRunner" time="129.225" errors="1" skipped="0">
  <properties>
[...]
</properties>
  <testcase classname="Cloudwisers duplicate name check #1" name="Test Case 1- Open cloudwise URL and change the language" time="18.228"/>
  <testcase classname="Cloudwisers duplicate name check #1" name="Test Case 2- Navigate to All cloudwisers page and check duplicates name" time="42.715">
    <error message="Employee details not found" type="java.lang.IllegalArgumentException">java.lang.IllegalArgumentException: Employee details not found
	at dev.failsafe.internal.util.Assert.isTrue(Assert.java:29)
	at PageObjects.AllCouldwisersPage.getDuplicateNameSet(AllCouldwisersPage.java:108)
	at StepDefinitions.CloudwiseFeatureDef.check_duplicate_name(CloudwiseFeatureDef.java:64)
	at ✽.check duplicate name(file:///C:/Users/003SLW744/eclipse-workspace/CloudwiseProject/src/test/resources/Features/CloudwiseFeature_English.feature:13)
</error>
    <system-out>
Scenario: Test Case 2- Navigate to All cloudwisers page and check duplicates name # src/test/resources/Features/CloudwiseFeature_English.feature:9
  Given go to &quot;This is Cloudwise&quot; drop down                                       # StepDefinitions.CloudwiseFeatureDef.go_to_drop_down(java.lang.String)
  When click on &quot;All cloudwisers&quot; sub menu                                        # StepDefinitions.CloudwiseFeatureDef.click_on(java.lang.String)
  Then shoud be navigated to &quot;All cloudwisers&quot; page                               # StepDefinitions.CloudwiseFeatureDef.shoud_be_navigated_to_page(java.lang.String)
Dept Name: Management
Dept Name: Support
Dept Name: Projects &amp; Support
Dept Name: Sales
Dept Name: Marketing
Dept Name: Academy
Dept Name: Development
Dept Name: HR &amp; administration
Dept Name: Warehouse
Names in: Management
Exception is: org.openqa.selenium.TimeoutException: Expected condition failed: waiting for visibility of element located by By.xpath: //p[@id=&quot;breadcrumbs&quot;]//*[text()=&quot;Alle Cloudwisers&quot;] (tried for 30 second(s) with 500 milliseconds interval)
Build info: version: &apos;4.1.4&apos;, revision: &apos;535d840ee2&apos;
System info: host: &apos;IBM-PF3PG9FD&apos;, ip: &apos;192.168.1.166&apos;, os.name: &apos;Windows 10&apos;, os.arch: &apos;amd64&apos;, os.version: &apos;10.0&apos;, java.version: &apos;17.0.3&apos;
Driver info: org.openqa.selenium.chrome.ChromeDriver
Capabilities {acceptInsecureCerts: false, browserName: chrome, browserVersion: 103.0.5060.134, chrome: {chromedriverVersion: 103.0.5060.134 (8ec6fce403b..., userDataDir: C:\Users\003SLW~1\AppData\L...}, goog:chromeOptions: {debuggerAddress: localhost:64003}, javascriptEnabled: true, networkConnectionEnabled: false, pageLoadStrategy: normal, platform: WINDOWS, platformName: WINDOWS, proxy: Proxy(), se:cdp: ws://localhost:64003/devtoo..., se:cdpVersion: 103.0.5060.134, setWindowRect: true, strictFileInteractability: false, timeouts: {implicit: 0, pageLoad: 300000, script: 30000}, unhandledPromptBehavior: dismiss and notify, webauthn:extension:credBlob: true, webauthn:extension:largeBlob: true, webauthn:virtualAuthenticators: true}
Session ID: a5969023322809b2ce7eae30625078fa
  And check duplicate name                                                        # StepDefinitions.CloudwiseFeatureDef.check_duplicate_name()
      java.lang.IllegalArgumentException: Employee details not found
	at dev.failsafe.internal.util.Assert.isTrue(Assert.java:29)
	at PageObjects.AllCouldwisersPage.getDuplicateNameSet(AllCouldwisersPage.java:108)
	at StepDefinitions.CloudwiseFeatureDef.check_duplicate_name(CloudwiseFeatureDef.java:64)
	at ✽.check duplicate name(file:///C:/Users/003SLW744/eclipse-workspace/CloudwiseProject/src/test/resources/Features/CloudwiseFeature_English.feature:13)

</system-out>
  </testcase>
  <testcase classname="Cloudwisers duplicate name check #2" name="Test Case 1- Open cloudwise URL and change the language" time="13.094"/>
  <testcase classname="Cloudwisers duplicate name check #2" name="Test Case 2- Navigate to All cloudwisers page and check duplicates name" time="55.188"/>
</testsuite>